<?xml version="1.0" encoding="utf-8"?><testsuites name="pytest tests"><testsuite name="pytest" errors="0" failures="0" skipped="0" tests="20" time="3.166" timestamp="2026-05-20T14:37:47.813745+00:00" hostname="agent-env-926865cf-2d73-4633-9790-7af734ff0a81"><testcase classname="backend.tests.test_poultry_api.TestAuth" name="test_login_success" time="0.523" /><testcase classname="backend.tests.test_poultry_api.TestAuth" name="test_login_invalid" time="0.342" /><testcase classname="backend.tests.test_poultry_api.TestAuth" name="test_me" time="0.426" /><testcase classname="backend.tests.test_poultry_api.TestAuth" name="test_me_unauthorized" time="0.156" /><testcase classname="backend.tests.test_poultry_api.TestFarms" name="test_get_farms" time="0.061" /><testcase classname="backend.tests.test_poultry_api.TestStock" name="test_create_stock" time="0.068" /><testcase classname="backend.tests.test_poultry_api.TestStock" name="test_get_stock" time="0.065" /><testcase classname="backend.tests.test_poultry_api.TestStock" name="test_update_stock" time="0.061" /><testcase classname="backend.tests.test_poultry_api.TestStock" name="test_delete_stock" time="0.063" /><testcase classname="backend.tests.test_poultry_api.TestFeed" name="test_create_feed" time="0.065" /><testcase classname="backend.tests.test_poultry_api.TestFeed" name="test_get_feed" time="0.063" /><testcase classname="backend.tests.test_poultry_api.TestFeed" name="test_update_feed" time="0.066" /><testcase classname="backend.tests.test_poultry_api.TestFeed" name="test_delete_feed" time="0.062" /><testcase classname="backend.tests.test_poultry_api.TestInvoices" name="test_create_invoice" time="0.071" /><testcase classname="backend.tests.test_poultry_api.TestInvoices" name="test_list_invoices" time="0.065" /><testcase classname="backend.tests.test_poultry_api.TestInvoices" name="test_update_invoice_payment" time="0.066" /><testcase classname="backend.tests.test_poultry_api.TestInvoices" name="test_update_invoice_partial" time="0.065" /><testcase classname="backend.tests.test_poultry_api.TestInvoices" name="test_delete_invoice" time="0.066" /><testcase classname="backend.tests.test_poultry_api.TestDashboard" name="test_stats" time="0.069" /><testcase classname="backend.tests.test_poultry_api.TestLogout" name="test_logout" time="0.495" /></testsuite></testsuites>